{"uuid":"49e3a144-d30c-42b1-9a64-63dd097a971c","historyId":"86831de7fbbd67cb7117f285e49caf2e","fullName":"BrandPageTest.createGopLeadBrandPagePopup","labels":[{"name":"package","value":"BrandPageTest"},{"name":"testClass","value":"BrandPageTest"},{"name":"testMethod","value":"createGopLeadBrandPagePopup"},{"name":"parentSuite","value":"Regression suite"},{"name":"suite","value":"Regression test"},{"name":"subSuite","value":"BrandPageTest"},{"name":"host","value":"MacBook-Air-Mac.local"},{"name":"thread","value":"36359@MacBook-Air-Mac.local.main(1)"}],"links":[],"name":"Fill in GOP pop-up on the Brand page, submit it and create GOP Lead","status":"broken","statusDetails":{"known":false,"muted":false,"flaky":false,"message":"Expected condition failed: waiting for visibility of element located by By.cssSelector: .ui-state-highlight (tried for 20 second(s) with 500 MILLISECONDS interval)","trace":"org.openqa.selenium.TimeoutException: Expected condition failed: waiting for visibility of element located by By.cssSelector: .ui-state-highlight (tried for 20 second(s) with 500 MILLISECONDS interval)\n\tat org.openqa.selenium.support.ui.WebDriverWait.timeoutException(WebDriverWait.java:80)\n\tat org.openqa.selenium.support.ui.FluentWait.until(FluentWait.java:232)\n\tat page_object.BaseElement.waitForVisibilityBy(BaseElement.java:49)\n\tat page_element.GopPopUp.fillInInputLocation(GopPopUp.java:51)\n\tat page_element.GopPopUp.fillInAndSubmit(GopPopUp.java:77)\n\tat BrandPageTest.createGopLeadBrandPagePopup(BrandPageTest.java:27)\n\tat sun.reflect.NativeMethodAccessorImpl.invoke0(Native Method)\n\tat sun.reflect.NativeMethodAccessorImpl.invoke(NativeMethodAccessorImpl.java:62)\n\tat sun.reflect.DelegatingMethodAccessorImpl.invoke(DelegatingMethodAccessorImpl.java:43)\n\tat java.lang.reflect.Method.invoke(Method.java:498)\n\tat org.testng.internal.MethodInvocationHelper.invokeMethod(MethodInvocationHelper.java:104)\n\tat org.testng.internal.Invoker.invokeMethod(Invoker.java:645)\n\tat org.testng.internal.Invoker.invokeTestMethod(Invoker.java:851)\n\tat org.testng.internal.Invoker.invokeTestMethods(Invoker.java:1177)\n\tat org.testng.internal.TestMethodWorker.invokeTestMethods(TestMethodWorker.java:129)\n\tat org.testng.internal.TestMethodWorker.run(TestMethodWorker.java:112)\n\tat org.testng.TestRunner.privateRun(TestRunner.java:756)\n\tat org.testng.TestRunner.run(TestRunner.java:610)\n\tat org.testng.SuiteRunner.runTest(SuiteRunner.java:387)\n\tat org.testng.SuiteRunner.runSequentially(SuiteRunner.java:382)\n\tat org.testng.SuiteRunner.privateRun(SuiteRunner.java:340)\n\tat org.testng.SuiteRunner.run(SuiteRunner.java:289)\n\tat org.testng.SuiteRunnerWorker.runSuite(SuiteRunnerWorker.java:52)\n\tat org.testng.SuiteRunnerWorker.run(SuiteRunnerWorker.java:86)\n\tat org.testng.TestNG.runSuitesSequentially(TestNG.java:1293)\n\tat org.testng.TestNG.runSuitesLocally(TestNG.java:1218)\n\tat org.testng.TestNG.runSuites(TestNG.java:1133)\n\tat org.testng.TestNG.run(TestNG.java:1104)\n\tat org.testng.IDEARemoteTestNG.run(IDEARemoteTestNG.java:72)\n\tat org.testng.RemoteTestNGStarter.main(RemoteTestNGStarter.java:123)\nCaused by: org.openqa.selenium.NoSuchElementException: Cannot locate an element using By.cssSelector: .ui-state-highlight\nFor documentation on this error, please visit: http://seleniumhq.org/exceptions/no_such_element.html\nBuild info: version: '3.5.3', revision: 'a88d25fe6b', time: '2017-08-29T12:42:44.417Z'\nSystem info: host: 'MacBook-Air-Mac.local', ip: 'fe80:0:0:0:d2:86bd:616b:565a%en0', os.name: 'Mac OS X', os.arch: 'x86_64', os.version: '10.12', java.version: '1.8.0_181'\nDriver info: driver.version: unknown\n\tat org.openqa.selenium.support.ui.ExpectedConditions.lambda$findElement$0(ExpectedConditions.java:883)\n\tat java.util.Optional.orElseThrow(Optional.java:290)\n\tat org.openqa.selenium.support.ui.ExpectedConditions.findElement(ExpectedConditions.java:882)\n\tat org.openqa.selenium.support.ui.ExpectedConditions.access$000(ExpectedConditions.java:44)\n\tat org.openqa.selenium.support.ui.ExpectedConditions$7.apply(ExpectedConditions.java:206)\n\tat org.openqa.selenium.support.ui.ExpectedConditions$7.apply(ExpectedConditions.java:202)\n\tat org.openqa.selenium.support.ui.FluentWait.until(FluentWait.java:209)\n\t... 28 more\n"},"stage":"finished","start":1544651427510,"stop":1544651450208,"parameters":[]}